{"C:\\Users\\Jordan\\Desktop\\School\\DPS955\\fragments\\src\\app.js": {"path":"C:\\Users\\Jordan\\Desktop\\School\\DPS955\\fragments\\src\\app.js","statementMap":{"0":{"start":{"line":3,"column":16},"end":{"line":3,"column":34}},"1":{"start":{"line":4,"column":13},"end":{"line":4,"column":28}},"2":{"start":{"line":5,"column":15},"end":{"line":5,"column":32}},"3":{"start":{"line":6,"column":20},"end":{"line":6,"column":42}},"4":{"start":{"line":7,"column":17},"end":{"line":7,"column":36}},"5":{"start":{"line":8,"column":22},"end":{"line":8,"column":48}},"6":{"start":{"line":11,"column":28},"end":{"line":11,"column":54}},"7":{"start":{"line":13,"column":15},"end":{"line":13,"column":34}},"8":{"start":{"line":14,"column":13},"end":{"line":17,"column":2}},"9":{"start":{"line":20,"column":12},"end":{"line":20,"column":21}},"10":{"start":{"line":23,"column":0},"end":{"line":23,"column":14}},"11":{"start":{"line":26,"column":0},"end":{"line":26,"column":18}},"12":{"start":{"line":29,"column":0},"end":{"line":29,"column":16}},"13":{"start":{"line":32,"column":0},"end":{"line":32,"column":23}},"14":{"start":{"line":35,"column":0},"end":{"line":35,"column":39}},"15":{"start":{"line":36,"column":0},"end":{"line":36,"column":31}},"16":{"start":{"line":40,"column":0},"end":{"line":40,"column":34}},"17":{"start":{"line":43,"column":0},"end":{"line":51,"column":3}},"18":{"start":{"line":44,"column":2},"end":{"line":50,"column":5}},"19":{"start":{"line":55,"column":0},"end":{"line":73,"column":3}},"20":{"start":{"line":58,"column":17},"end":{"line":58,"column":34}},"21":{"start":{"line":59,"column":18},"end":{"line":59,"column":60}},"22":{"start":{"line":62,"column":2},"end":{"line":64,"column":3}},"23":{"start":{"line":63,"column":4},"end":{"line":63,"column":54}},"24":{"start":{"line":66,"column":2},"end":{"line":72,"column":5}},"25":{"start":{"line":76,"column":0},"end":{"line":76,"column":21}}},"fnMap":{"0":{"name":"(anonymous_0)","decl":{"start":{"line":43,"column":8},"end":{"line":43,"column":9}},"loc":{"start":{"line":43,"column":22},"end":{"line":51,"column":1}},"line":43},"1":{"name":"(anonymous_1)","decl":{"start":{"line":55,"column":8},"end":{"line":55,"column":9}},"loc":{"start":{"line":55,"column":33},"end":{"line":73,"column":1}},"line":55}},"branchMap":{"0":{"loc":{"start":{"line":58,"column":17},"end":{"line":58,"column":34}},"type":"binary-expr","locations":[{"start":{"line":58,"column":17},"end":{"line":58,"column":27}},{"start":{"line":58,"column":31},"end":{"line":58,"column":34}}],"line":58},"1":{"loc":{"start":{"line":59,"column":18},"end":{"line":59,"column":60}},"type":"binary-expr","locations":[{"start":{"line":59,"column":18},"end":{"line":59,"column":29}},{"start":{"line":59,"column":33},"end":{"line":59,"column":60}}],"line":59},"2":{"loc":{"start":{"line":62,"column":2},"end":{"line":64,"column":3}},"type":"if","locations":[{"start":{"line":62,"column":2},"end":{"line":64,"column":3}},{"start":{},"end":{}}],"line":62}},"s":{"0":3,"1":3,"2":3,"3":3,"4":3,"5":3,"6":3,"7":3,"8":3,"9":3,"10":3,"11":3,"12":3,"13":3,"14":3,"15":3,"16":3,"17":3,"18":1,"19":3,"20":0,"21":0,"22":0,"23":0,"24":0,"25":3},"f":{"0":1,"1":0},"b":{"0":[0,0],"1":[0,0],"2":[0,0]},"_coverageSchema":"1a1c01bbd47fc00a2c39e90264f33305004495a9","hash":"3e2a58128ad7215bf3cbfb51228b7ebbf88ff1ec"}
,"C:\\Users\\Jordan\\Desktop\\School\\DPS955\\fragments\\src\\logger.js": {"path":"C:\\Users\\Jordan\\Desktop\\School\\DPS955\\fragments\\src\\logger.js","statementMap":{"0":{"start":{"line":4,"column":16},"end":{"line":4,"column":58}},"1":{"start":{"line":7,"column":0},"end":{"line":15,"column":1}},"2":{"start":{"line":9,"column":2},"end":{"line":14,"column":4}},"3":{"start":{"line":19,"column":0},"end":{"line":19,"column":42}}},"fnMap":{},"branchMap":{"0":{"loc":{"start":{"line":4,"column":25},"end":{"line":4,"column":56}},"type":"binary-expr","locations":[{"start":{"line":4,"column":25},"end":{"line":4,"column":46}},{"start":{"line":4,"column":50},"end":{"line":4,"column":56}}],"line":4},"1":{"loc":{"start":{"line":7,"column":0},"end":{"line":15,"column":1}},"type":"if","locations":[{"start":{"line":7,"column":0},"end":{"line":15,"column":1}},{"start":{},"end":{}}],"line":7}},"s":{"0":3,"1":3,"2":0,"3":3},"f":{},"b":{"0":[3,0],"1":[0,3]},"_coverageSchema":"1a1c01bbd47fc00a2c39e90264f33305004495a9","hash":"e3fe43ddd2cf00a7c1d1f0b6b5f81807eea2715f"}
,"C:\\Users\\Jordan\\Desktop\\School\\DPS955\\fragments\\src\\response.js": {"path":"C:\\Users\\Jordan\\Desktop\\School\\DPS955\\fragments\\src\\response.js","statementMap":{"0":{"start":{"line":11,"column":1},"end":{"line":18,"column":4}},"1":{"start":{"line":12,"column":4},"end":{"line":17,"column":6}},"2":{"start":{"line":31,"column":2},"end":{"line":39,"column":4}},"3":{"start":{"line":32,"column":4},"end":{"line":38,"column":5}}},"fnMap":{"0":{"name":"(anonymous_0)","decl":{"start":{"line":11,"column":40},"end":{"line":11,"column":41}},"loc":{"start":{"line":11,"column":56},"end":{"line":18,"column":3}},"line":11},"1":{"name":"(anonymous_1)","decl":{"start":{"line":31,"column":39},"end":{"line":31,"column":40}},"loc":{"start":{"line":31,"column":64},"end":{"line":39,"column":3}},"line":31}},"branchMap":{},"s":{"0":1,"1":2,"2":1,"3":1},"f":{"0":2,"1":1},"b":{},"_coverageSchema":"1a1c01bbd47fc00a2c39e90264f33305004495a9","hash":"f8aa81ff4f1d65cf264c61ae6ea2d6c6277e6d14"}
,"C:\\Users\\Jordan\\Desktop\\School\\DPS955\\fragments\\src\\authorization\\basic-auth.js": {"path":"C:\\Users\\Jordan\\Desktop\\School\\DPS955\\fragments\\src\\authorization\\basic-auth.js","statementMap":{"0":{"start":{"line":6,"column":13},"end":{"line":6,"column":33}},"1":{"start":{"line":7,"column":17},"end":{"line":7,"column":36}},"2":{"start":{"line":8,"column":21},"end":{"line":8,"column":50}},"3":{"start":{"line":11,"column":0},"end":{"line":13,"column":1}},"4":{"start":{"line":12,"column":2},"end":{"line":12,"column":61}},"5":{"start":{"line":15,"column":0},"end":{"line":22,"column":4}},"6":{"start":{"line":18,"column":2},"end":{"line":22,"column":3}},"7":{"start":{"line":24,"column":0},"end":{"line":24,"column":86}},"8":{"start":{"line":24,"column":36},"end":{"line":24,"column":85}}},"fnMap":{"0":{"name":"(anonymous_0)","decl":{"start":{"line":15,"column":26},"end":{"line":15,"column":27}},"loc":{"start":{"line":18,"column":2},"end":{"line":22,"column":3}},"line":18},"1":{"name":"(anonymous_1)","decl":{"start":{"line":24,"column":30},"end":{"line":24,"column":31}},"loc":{"start":{"line":24,"column":36},"end":{"line":24,"column":85}},"line":24}},"branchMap":{"0":{"loc":{"start":{"line":11,"column":0},"end":{"line":13,"column":1}},"type":"if","locations":[{"start":{"line":11,"column":0},"end":{"line":13,"column":1}},{"start":{},"end":{}}],"line":11}},"s":{"0":3,"1":3,"2":3,"3":3,"4":0,"5":3,"6":3,"7":3,"8":3},"f":{"0":3,"1":3},"b":{"0":[0,3]},"_coverageSchema":"1a1c01bbd47fc00a2c39e90264f33305004495a9","hash":"716b38fcf687211ed266a09b126a1e0209e8f167"}
,"C:\\Users\\Jordan\\Desktop\\School\\DPS955\\fragments\\src\\authorization\\index.js": {"path":"C:\\Users\\Jordan\\Desktop\\School\\DPS955\\fragments\\src\\authorization\\index.js","statementMap":{"0":{"start":{"line":4,"column":0},"end":{"line":14,"column":3}},"1":{"start":{"line":5,"column":4},"end":{"line":5,"column":42}},"2":{"start":{"line":8,"column":7},"end":{"line":14,"column":3}},"3":{"start":{"line":9,"column":4},"end":{"line":9,"column":45}},"4":{"start":{"line":13,"column":4},"end":{"line":13,"column":78}}},"fnMap":{},"branchMap":{"0":{"loc":{"start":{"line":4,"column":0},"end":{"line":14,"column":3}},"type":"if","locations":[{"start":{"line":4,"column":0},"end":{"line":14,"column":3}},{"start":{"line":8,"column":7},"end":{"line":14,"column":3}}],"line":4},"1":{"loc":{"start":{"line":4,"column":4},"end":{"line":4,"column":72}},"type":"binary-expr","locations":[{"start":{"line":4,"column":4},"end":{"line":4,"column":35}},{"start":{"line":4,"column":39},"end":{"line":4,"column":72}}],"line":4},"2":{"loc":{"start":{"line":8,"column":7},"end":{"line":14,"column":3}},"type":"if","locations":[{"start":{"line":8,"column":7},"end":{"line":14,"column":3}},{"start":{"line":12,"column":7},"end":{"line":14,"column":3}}],"line":8},"3":{"loc":{"start":{"line":8,"column":11},"end":{"line":8,"column":73}},"type":"binary-expr","locations":[{"start":{"line":8,"column":11},"end":{"line":8,"column":36}},{"start":{"line":8,"column":40},"end":{"line":8,"column":73}}],"line":8}},"s":{"0":3,"1":0,"2":3,"3":3,"4":0},"f":{},"b":{"0":[0,3],"1":[3,0],"2":[3,0],"3":[3,3]},"_coverageSchema":"1a1c01bbd47fc00a2c39e90264f33305004495a9","hash":"064fac6bbe3f5aeaed8d77216c73943dd0a37af9"}
,"C:\\Users\\Jordan\\Desktop\\School\\DPS955\\fragments\\src\\routes\\index.js": {"path":"C:\\Users\\Jordan\\Desktop\\School\\DPS955\\fragments\\src\\routes\\index.js","statementMap":{"0":{"start":{"line":3,"column":16},"end":{"line":3,"column":34}},"1":{"start":{"line":6,"column":25},"end":{"line":6,"column":52}},"2":{"start":{"line":9,"column":28},"end":{"line":9,"column":57}},"3":{"start":{"line":12,"column":15},"end":{"line":12,"column":31}},"4":{"start":{"line":17,"column":1},"end":{"line":17,"column":53}},"5":{"start":{"line":23,"column":0},"end":{"line":34,"column":3}},"6":{"start":{"line":25,"column":2},"end":{"line":25,"column":45}},"7":{"start":{"line":27,"column":2},"end":{"line":33,"column":5}},"8":{"start":{"line":36,"column":0},"end":{"line":36,"column":24}}},"fnMap":{"0":{"name":"(anonymous_0)","decl":{"start":{"line":23,"column":16},"end":{"line":23,"column":17}},"loc":{"start":{"line":23,"column":30},"end":{"line":34,"column":1}},"line":23}},"branchMap":{},"s":{"0":3,"1":3,"2":3,"3":3,"4":3,"5":3,"6":4,"7":4,"8":3},"f":{"0":4},"b":{},"_coverageSchema":"1a1c01bbd47fc00a2c39e90264f33305004495a9","hash":"a6be00f9634ac8d580e4cfb92789082a56425cb6"}
,"C:\\Users\\Jordan\\Desktop\\School\\DPS955\\fragments\\src\\routes\\api\\get.js": {"path":"C:\\Users\\Jordan\\Desktop\\School\\DPS955\\fragments\\src\\routes\\api\\get.js","statementMap":{"0":{"start":{"line":6,"column":1},"end":{"line":12,"column":2}},"1":{"start":{"line":8,"column":2},"end":{"line":11,"column":5}}},"fnMap":{"0":{"name":"(anonymous_0)","decl":{"start":{"line":6,"column":18},"end":{"line":6,"column":19}},"loc":{"start":{"line":6,"column":32},"end":{"line":12,"column":1}},"line":6}},"branchMap":{},"s":{"0":3,"1":1},"f":{"0":1},"b":{},"_coverageSchema":"1a1c01bbd47fc00a2c39e90264f33305004495a9","hash":"6a79c97e09a4a89fbee262f69e8d776c7e93dd0a"}
,"C:\\Users\\Jordan\\Desktop\\School\\DPS955\\fragments\\src\\routes\\api\\index.js": {"path":"C:\\Users\\Jordan\\Desktop\\School\\DPS955\\fragments\\src\\routes\\api\\index.js","statementMap":{"0":{"start":{"line":6,"column":17},"end":{"line":6,"column":35}},"1":{"start":{"line":9,"column":16},"end":{"line":9,"column":32}},"2":{"start":{"line":12,"column":1},"end":{"line":12,"column":44}},"3":{"start":{"line":16,"column":1},"end":{"line":16,"column":25}}},"fnMap":{},"branchMap":{},"s":{"0":3,"1":3,"2":3,"3":3},"f":{},"b":{},"_coverageSchema":"1a1c01bbd47fc00a2c39e90264f33305004495a9","hash":"ad6e0d79e198448a72ee252579de0db2265b19c1"}
}
